  Enemigo.cpp
  Personaje.cpp
E:\Facultad\Tecnicatura en Diseño y desarollo de Videojuegos\Cursando\Modelo y algoritmo de videojuegos I\Integrador\TrabajoIntegrador_MyA\TI_MyA_PabloAguilar\TI_MyA_PabloAguilar\Personaje.cpp(34,29): warning C4244: 'argumento': conversión de 'float' a 'int'; posible pérdida de datos
E:\Facultad\Tecnicatura en Diseño y desarollo de Videojuegos\Cursando\Modelo y algoritmo de videojuegos I\Integrador\TrabajoIntegrador_MyA\TI_MyA_PabloAguilar\TI_MyA_PabloAguilar\Personaje.cpp(34,26): warning C4244: 'argumento': conversión de 'float' a 'int'; posible pérdida de datos
E:\Facultad\Tecnicatura en Diseño y desarollo de Videojuegos\Cursando\Modelo y algoritmo de videojuegos I\Integrador\TrabajoIntegrador_MyA\TI_MyA_PabloAguilar\TI_MyA_PabloAguilar\Personaje.cpp(34,19): warning C4244: 'argumento': conversión de 'float' a 'int'; posible pérdida de datos
  TI_MyA_PabloAguilar.cpp
E:\Facultad\Tecnicatura en Diseño y desarollo de Videojuegos\Cursando\Modelo y algoritmo de videojuegos I\Integrador\TrabajoIntegrador_MyA\TI_MyA_PabloAguilar\TI_MyA_PabloAguilar\TI_MyA_PabloAguilar.cpp(53,39): warning C4838: la conversión de 'double' en 'float' requiere una conversión de restricción
E:\Facultad\Tecnicatura en Diseño y desarollo de Videojuegos\Cursando\Modelo y algoritmo de videojuegos I\Integrador\TrabajoIntegrador_MyA\TI_MyA_PabloAguilar\TI_MyA_PabloAguilar\TI_MyA_PabloAguilar.cpp(53,39): warning C4244: 'inicializando': conversión de 'double' a 'float'; posible pérdida de datos
E:\Facultad\Tecnicatura en Diseño y desarollo de Videojuegos\Cursando\Modelo y algoritmo de videojuegos I\Integrador\TrabajoIntegrador_MyA\TI_MyA_PabloAguilar\TI_MyA_PabloAguilar\TI_MyA_PabloAguilar.cpp(53,49): warning C4838: la conversión de 'double' en 'float' requiere una conversión de restricción
E:\Facultad\Tecnicatura en Diseño y desarollo de Videojuegos\Cursando\Modelo y algoritmo de videojuegos I\Integrador\TrabajoIntegrador_MyA\TI_MyA_PabloAguilar\TI_MyA_PabloAguilar\TI_MyA_PabloAguilar.cpp(53,49): warning C4244: 'inicializando': conversión de 'double' a 'float'; posible pérdida de datos
E:\Facultad\Tecnicatura en Diseño y desarollo de Videojuegos\Cursando\Modelo y algoritmo de videojuegos I\Integrador\TrabajoIntegrador_MyA\TI_MyA_PabloAguilar\TI_MyA_PabloAguilar\TI_MyA_PabloAguilar.cpp(61,40): warning C4838: la conversión de 'double' en 'float' requiere una conversión de restricción
E:\Facultad\Tecnicatura en Diseño y desarollo de Videojuegos\Cursando\Modelo y algoritmo de videojuegos I\Integrador\TrabajoIntegrador_MyA\TI_MyA_PabloAguilar\TI_MyA_PabloAguilar\TI_MyA_PabloAguilar.cpp(61,40): warning C4244: 'inicializando': conversión de 'double' a 'float'; posible pérdida de datos
E:\Facultad\Tecnicatura en Diseño y desarollo de Videojuegos\Cursando\Modelo y algoritmo de videojuegos I\Integrador\TrabajoIntegrador_MyA\TI_MyA_PabloAguilar\TI_MyA_PabloAguilar\TI_MyA_PabloAguilar.cpp(61,50): warning C4838: la conversión de 'double' en 'float' requiere una conversión de restricción
E:\Facultad\Tecnicatura en Diseño y desarollo de Videojuegos\Cursando\Modelo y algoritmo de videojuegos I\Integrador\TrabajoIntegrador_MyA\TI_MyA_PabloAguilar\TI_MyA_PabloAguilar\TI_MyA_PabloAguilar.cpp(61,50): warning C4244: 'inicializando': conversión de 'double' a 'float'; posible pérdida de datos
E:\Facultad\Tecnicatura en Diseño y desarollo de Videojuegos\Cursando\Modelo y algoritmo de videojuegos I\Integrador\TrabajoIntegrador_MyA\TI_MyA_PabloAguilar\TI_MyA_PabloAguilar\TI_MyA_PabloAguilar.cpp(72,50): warning C4244: 'argumento': conversión de 'double' a 'int'; posible pérdida de datos
E:\Facultad\Tecnicatura en Diseño y desarollo de Videojuegos\Cursando\Modelo y algoritmo de videojuegos I\Integrador\TrabajoIntegrador_MyA\TI_MyA_PabloAguilar\TI_MyA_PabloAguilar\TI_MyA_PabloAguilar.cpp(72,40): warning C4244: 'argumento': conversión de 'double' a 'int'; posible pérdida de datos
E:\Facultad\Tecnicatura en Diseño y desarollo de Videojuegos\Cursando\Modelo y algoritmo de videojuegos I\Integrador\TrabajoIntegrador_MyA\TI_MyA_PabloAguilar\TI_MyA_PabloAguilar\TI_MyA_PabloAguilar.cpp(74,44): warning C4244: 'argumento': conversión de 'double' a 'int'; posible pérdida de datos
E:\Facultad\Tecnicatura en Diseño y desarollo de Videojuegos\Cursando\Modelo y algoritmo de videojuegos I\Integrador\TrabajoIntegrador_MyA\TI_MyA_PabloAguilar\TI_MyA_PabloAguilar\TI_MyA_PabloAguilar.cpp(74,34): warning C4244: 'argumento': conversión de 'double' a 'int'; posible pérdida de datos
E:\Facultad\Tecnicatura en Diseño y desarollo de Videojuegos\Cursando\Modelo y algoritmo de videojuegos I\Integrador\TrabajoIntegrador_MyA\TI_MyA_PabloAguilar\TI_MyA_PabloAguilar\TI_MyA_PabloAguilar.cpp(75,48): warning C4244: 'argumento': conversión de 'double' a 'int'; posible pérdida de datos
E:\Facultad\Tecnicatura en Diseño y desarollo de Videojuegos\Cursando\Modelo y algoritmo de videojuegos I\Integrador\TrabajoIntegrador_MyA\TI_MyA_PabloAguilar\TI_MyA_PabloAguilar\TI_MyA_PabloAguilar.cpp(75,38): warning C4244: 'argumento': conversión de 'double' a 'int'; posible pérdida de datos
E:\Facultad\Tecnicatura en Diseño y desarollo de Videojuegos\Cursando\Modelo y algoritmo de videojuegos I\Integrador\TrabajoIntegrador_MyA\TI_MyA_PabloAguilar\TI_MyA_PabloAguilar\TI_MyA_PabloAguilar.cpp(77,44): warning C4244: 'argumento': conversión de 'double' a 'int'; posible pérdida de datos
E:\Facultad\Tecnicatura en Diseño y desarollo de Videojuegos\Cursando\Modelo y algoritmo de videojuegos I\Integrador\TrabajoIntegrador_MyA\TI_MyA_PabloAguilar\TI_MyA_PabloAguilar\TI_MyA_PabloAguilar.cpp(77,34): warning C4244: 'argumento': conversión de 'double' a 'int'; posible pérdida de datos
E:\Facultad\Tecnicatura en Diseño y desarollo de Videojuegos\Cursando\Modelo y algoritmo de videojuegos I\Integrador\TrabajoIntegrador_MyA\TI_MyA_PabloAguilar\TI_MyA_PabloAguilar\TI_MyA_PabloAguilar.cpp(78,48): warning C4244: 'argumento': conversión de 'double' a 'int'; posible pérdida de datos
E:\Facultad\Tecnicatura en Diseño y desarollo de Videojuegos\Cursando\Modelo y algoritmo de videojuegos I\Integrador\TrabajoIntegrador_MyA\TI_MyA_PabloAguilar\TI_MyA_PabloAguilar\TI_MyA_PabloAguilar.cpp(78,38): warning C4244: 'argumento': conversión de 'double' a 'int'; posible pérdida de datos
E:\Facultad\Tecnicatura en Diseño y desarollo de Videojuegos\Cursando\Modelo y algoritmo de videojuegos I\Integrador\TrabajoIntegrador_MyA\TI_MyA_PabloAguilar\TI_MyA_PabloAguilar\TI_MyA_PabloAguilar.cpp(90,36): warning C4838: la conversión de 'double' en 'float' requiere una conversión de restricción
E:\Facultad\Tecnicatura en Diseño y desarollo de Videojuegos\Cursando\Modelo y algoritmo de videojuegos I\Integrador\TrabajoIntegrador_MyA\TI_MyA_PabloAguilar\TI_MyA_PabloAguilar\TI_MyA_PabloAguilar.cpp(90,36): warning C4244: 'inicializando': conversión de 'double' a 'float'; posible pérdida de datos
E:\Facultad\Tecnicatura en Diseño y desarollo de Videojuegos\Cursando\Modelo y algoritmo de videojuegos I\Integrador\TrabajoIntegrador_MyA\TI_MyA_PabloAguilar\TI_MyA_PabloAguilar\TI_MyA_PabloAguilar.cpp(90,46): warning C4838: la conversión de 'double' en 'float' requiere una conversión de restricción
E:\Facultad\Tecnicatura en Diseño y desarollo de Videojuegos\Cursando\Modelo y algoritmo de videojuegos I\Integrador\TrabajoIntegrador_MyA\TI_MyA_PabloAguilar\TI_MyA_PabloAguilar\TI_MyA_PabloAguilar.cpp(90,46): warning C4244: 'inicializando': conversión de 'double' a 'float'; posible pérdida de datos
E:\Facultad\Tecnicatura en Diseño y desarollo de Videojuegos\Cursando\Modelo y algoritmo de videojuegos I\Integrador\TrabajoIntegrador_MyA\TI_MyA_PabloAguilar\TI_MyA_PabloAguilar\TI_MyA_PabloAguilar.cpp(98,36): warning C4838: la conversión de 'double' en 'float' requiere una conversión de restricción
E:\Facultad\Tecnicatura en Diseño y desarollo de Videojuegos\Cursando\Modelo y algoritmo de videojuegos I\Integrador\TrabajoIntegrador_MyA\TI_MyA_PabloAguilar\TI_MyA_PabloAguilar\TI_MyA_PabloAguilar.cpp(98,36): warning C4244: 'inicializando': conversión de 'double' a 'float'; posible pérdida de datos
E:\Facultad\Tecnicatura en Diseño y desarollo de Videojuegos\Cursando\Modelo y algoritmo de videojuegos I\Integrador\TrabajoIntegrador_MyA\TI_MyA_PabloAguilar\TI_MyA_PabloAguilar\TI_MyA_PabloAguilar.cpp(98,46): warning C4838: la conversión de 'double' en 'float' requiere una conversión de restricción
E:\Facultad\Tecnicatura en Diseño y desarollo de Videojuegos\Cursando\Modelo y algoritmo de videojuegos I\Integrador\TrabajoIntegrador_MyA\TI_MyA_PabloAguilar\TI_MyA_PabloAguilar\TI_MyA_PabloAguilar.cpp(98,46): warning C4244: 'inicializando': conversión de 'double' a 'float'; posible pérdida de datos
E:\Facultad\Tecnicatura en Diseño y desarollo de Videojuegos\Cursando\Modelo y algoritmo de videojuegos I\Integrador\TrabajoIntegrador_MyA\TI_MyA_PabloAguilar\TI_MyA_PabloAguilar\TI_MyA_PabloAguilar.cpp(109,47): warning C4244: 'argumento': conversión de 'double' a 'int'; posible pérdida de datos
E:\Facultad\Tecnicatura en Diseño y desarollo de Videojuegos\Cursando\Modelo y algoritmo de videojuegos I\Integrador\TrabajoIntegrador_MyA\TI_MyA_PabloAguilar\TI_MyA_PabloAguilar\TI_MyA_PabloAguilar.cpp(109,37): warning C4244: 'argumento': conversión de 'double' a 'int'; posible pérdida de datos
E:\Facultad\Tecnicatura en Diseño y desarollo de Videojuegos\Cursando\Modelo y algoritmo de videojuegos I\Integrador\TrabajoIntegrador_MyA\TI_MyA_PabloAguilar\TI_MyA_PabloAguilar\TI_MyA_PabloAguilar.cpp(111,40): warning C4244: 'argumento': conversión de 'double' a 'int'; posible pérdida de datos
E:\Facultad\Tecnicatura en Diseño y desarollo de Videojuegos\Cursando\Modelo y algoritmo de videojuegos I\Integrador\TrabajoIntegrador_MyA\TI_MyA_PabloAguilar\TI_MyA_PabloAguilar\TI_MyA_PabloAguilar.cpp(111,30): warning C4244: 'argumento': conversión de 'double' a 'int'; posible pérdida de datos
E:\Facultad\Tecnicatura en Diseño y desarollo de Videojuegos\Cursando\Modelo y algoritmo de videojuegos I\Integrador\TrabajoIntegrador_MyA\TI_MyA_PabloAguilar\TI_MyA_PabloAguilar\TI_MyA_PabloAguilar.cpp(112,44): warning C4244: 'argumento': conversión de 'double' a 'int'; posible pérdida de datos
E:\Facultad\Tecnicatura en Diseño y desarollo de Videojuegos\Cursando\Modelo y algoritmo de videojuegos I\Integrador\TrabajoIntegrador_MyA\TI_MyA_PabloAguilar\TI_MyA_PabloAguilar\TI_MyA_PabloAguilar.cpp(112,34): warning C4244: 'argumento': conversión de 'double' a 'int'; posible pérdida de datos
E:\Facultad\Tecnicatura en Diseño y desarollo de Videojuegos\Cursando\Modelo y algoritmo de videojuegos I\Integrador\TrabajoIntegrador_MyA\TI_MyA_PabloAguilar\TI_MyA_PabloAguilar\TI_MyA_PabloAguilar.cpp(114,40): warning C4244: 'argumento': conversión de 'double' a 'int'; posible pérdida de datos
E:\Facultad\Tecnicatura en Diseño y desarollo de Videojuegos\Cursando\Modelo y algoritmo de videojuegos I\Integrador\TrabajoIntegrador_MyA\TI_MyA_PabloAguilar\TI_MyA_PabloAguilar\TI_MyA_PabloAguilar.cpp(114,30): warning C4244: 'argumento': conversión de 'double' a 'int'; posible pérdida de datos
E:\Facultad\Tecnicatura en Diseño y desarollo de Videojuegos\Cursando\Modelo y algoritmo de videojuegos I\Integrador\TrabajoIntegrador_MyA\TI_MyA_PabloAguilar\TI_MyA_PabloAguilar\TI_MyA_PabloAguilar.cpp(115,44): warning C4244: 'argumento': conversión de 'double' a 'int'; posible pérdida de datos
E:\Facultad\Tecnicatura en Diseño y desarollo de Videojuegos\Cursando\Modelo y algoritmo de videojuegos I\Integrador\TrabajoIntegrador_MyA\TI_MyA_PabloAguilar\TI_MyA_PabloAguilar\TI_MyA_PabloAguilar.cpp(115,34): warning C4244: 'argumento': conversión de 'double' a 'int'; posible pérdida de datos
E:\Facultad\Tecnicatura en Diseño y desarollo de Videojuegos\Cursando\Modelo y algoritmo de videojuegos I\Integrador\TrabajoIntegrador_MyA\TI_MyA_PabloAguilar\TI_MyA_PabloAguilar\TI_MyA_PabloAguilar.cpp(125,33): warning C4838: la conversión de 'double' en 'float' requiere una conversión de restricción
E:\Facultad\Tecnicatura en Diseño y desarollo de Videojuegos\Cursando\Modelo y algoritmo de videojuegos I\Integrador\TrabajoIntegrador_MyA\TI_MyA_PabloAguilar\TI_MyA_PabloAguilar\TI_MyA_PabloAguilar.cpp(125,33): warning C4244: 'inicializando': conversión de 'double' a 'float'; posible pérdida de datos
E:\Facultad\Tecnicatura en Diseño y desarollo de Videojuegos\Cursando\Modelo y algoritmo de videojuegos I\Integrador\TrabajoIntegrador_MyA\TI_MyA_PabloAguilar\TI_MyA_PabloAguilar\TI_MyA_PabloAguilar.cpp(132,39): warning C4838: la conversión de 'double' en 'float' requiere una conversión de restricción
E:\Facultad\Tecnicatura en Diseño y desarollo de Videojuegos\Cursando\Modelo y algoritmo de videojuegos I\Integrador\TrabajoIntegrador_MyA\TI_MyA_PabloAguilar\TI_MyA_PabloAguilar\TI_MyA_PabloAguilar.cpp(132,39): warning C4244: 'inicializando': conversión de 'double' a 'float'; posible pérdida de datos
E:\Facultad\Tecnicatura en Diseño y desarollo de Videojuegos\Cursando\Modelo y algoritmo de videojuegos I\Integrador\TrabajoIntegrador_MyA\TI_MyA_PabloAguilar\TI_MyA_PabloAguilar\TI_MyA_PabloAguilar.cpp(132,49): warning C4838: la conversión de 'double' en 'float' requiere una conversión de restricción
E:\Facultad\Tecnicatura en Diseño y desarollo de Videojuegos\Cursando\Modelo y algoritmo de videojuegos I\Integrador\TrabajoIntegrador_MyA\TI_MyA_PabloAguilar\TI_MyA_PabloAguilar\TI_MyA_PabloAguilar.cpp(132,49): warning C4244: 'inicializando': conversión de 'double' a 'float'; posible pérdida de datos
E:\Facultad\Tecnicatura en Diseño y desarollo de Videojuegos\Cursando\Modelo y algoritmo de videojuegos I\Integrador\TrabajoIntegrador_MyA\TI_MyA_PabloAguilar\TI_MyA_PabloAguilar\TI_MyA_PabloAguilar.cpp(143,44): warning C4244: 'argumento': conversión de 'float' a 'int'; posible pérdida de datos
E:\Facultad\Tecnicatura en Diseño y desarollo de Videojuegos\Cursando\Modelo y algoritmo de videojuegos I\Integrador\TrabajoIntegrador_MyA\TI_MyA_PabloAguilar\TI_MyA_PabloAguilar\TI_MyA_PabloAguilar.cpp(143,34): warning C4244: 'argumento': conversión de 'double' a 'int'; posible pérdida de datos
E:\Facultad\Tecnicatura en Diseño y desarollo de Videojuegos\Cursando\Modelo y algoritmo de videojuegos I\Integrador\TrabajoIntegrador_MyA\TI_MyA_PabloAguilar\TI_MyA_PabloAguilar\TI_MyA_PabloAguilar.cpp(144,48): warning C4244: 'argumento': conversión de 'double' a 'int'; posible pérdida de datos
E:\Facultad\Tecnicatura en Diseño y desarollo de Videojuegos\Cursando\Modelo y algoritmo de videojuegos I\Integrador\TrabajoIntegrador_MyA\TI_MyA_PabloAguilar\TI_MyA_PabloAguilar\TI_MyA_PabloAguilar.cpp(144,38): warning C4244: 'argumento': conversión de 'double' a 'int'; posible pérdida de datos
E:\Facultad\Tecnicatura en Diseño y desarollo de Videojuegos\Cursando\Modelo y algoritmo de videojuegos I\Integrador\TrabajoIntegrador_MyA\TI_MyA_PabloAguilar\TI_MyA_PabloAguilar\TI_MyA_PabloAguilar.cpp(146,42): warning C4244: 'argumento': conversión de 'double' a 'int'; posible pérdida de datos
E:\Facultad\Tecnicatura en Diseño y desarollo de Videojuegos\Cursando\Modelo y algoritmo de videojuegos I\Integrador\TrabajoIntegrador_MyA\TI_MyA_PabloAguilar\TI_MyA_PabloAguilar\TI_MyA_PabloAguilar.cpp(146,34): warning C4244: 'argumento': conversión de 'float' a 'int'; posible pérdida de datos
E:\Facultad\Tecnicatura en Diseño y desarollo de Videojuegos\Cursando\Modelo y algoritmo de videojuegos I\Integrador\TrabajoIntegrador_MyA\TI_MyA_PabloAguilar\TI_MyA_PabloAguilar\TI_MyA_PabloAguilar.cpp(147,46): warning C4244: 'argumento': conversión de 'double' a 'int'; posible pérdida de datos
E:\Facultad\Tecnicatura en Diseño y desarollo de Videojuegos\Cursando\Modelo y algoritmo de videojuegos I\Integrador\TrabajoIntegrador_MyA\TI_MyA_PabloAguilar\TI_MyA_PabloAguilar\TI_MyA_PabloAguilar.cpp(148,59): warning C4244: 'argumento': conversión de 'double' a 'int'; posible pérdida de datos
E:\Facultad\Tecnicatura en Diseño y desarollo de Videojuegos\Cursando\Modelo y algoritmo de videojuegos I\Integrador\TrabajoIntegrador_MyA\TI_MyA_PabloAguilar\TI_MyA_PabloAguilar\TI_MyA_PabloAguilar.cpp(149,46): warning C4244: 'argumento': conversión de 'double' a 'int'; posible pérdida de datos
E:\Facultad\Tecnicatura en Diseño y desarollo de Videojuegos\Cursando\Modelo y algoritmo de videojuegos I\Integrador\TrabajoIntegrador_MyA\TI_MyA_PabloAguilar\TI_MyA_PabloAguilar\TI_MyA_PabloAguilar.cpp(150,44): warning C4244: 'argumento': conversión de 'double' a 'int'; posible pérdida de datos
E:\Facultad\Tecnicatura en Diseño y desarollo de Videojuegos\Cursando\Modelo y algoritmo de videojuegos I\Integrador\TrabajoIntegrador_MyA\TI_MyA_PabloAguilar\TI_MyA_PabloAguilar\TI_MyA_PabloAguilar.cpp(151,46): warning C4244: 'argumento': conversión de 'double' a 'int'; posible pérdida de datos
E:\Facultad\Tecnicatura en Diseño y desarollo de Videojuegos\Cursando\Modelo y algoritmo de videojuegos I\Integrador\TrabajoIntegrador_MyA\TI_MyA_PabloAguilar\TI_MyA_PabloAguilar\TI_MyA_PabloAguilar.cpp(153,44): warning C4244: 'argumento': conversión de 'double' a 'int'; posible pérdida de datos
E:\Facultad\Tecnicatura en Diseño y desarollo de Videojuegos\Cursando\Modelo y algoritmo de videojuegos I\Integrador\TrabajoIntegrador_MyA\TI_MyA_PabloAguilar\TI_MyA_PabloAguilar\TI_MyA_PabloAguilar.cpp(153,34): warning C4244: 'argumento': conversión de 'double' a 'int'; posible pérdida de datos
E:\Facultad\Tecnicatura en Diseño y desarollo de Videojuegos\Cursando\Modelo y algoritmo de videojuegos I\Integrador\TrabajoIntegrador_MyA\TI_MyA_PabloAguilar\TI_MyA_PabloAguilar\TI_MyA_PabloAguilar.cpp(154,48): warning C4244: 'argumento': conversión de 'double' a 'int'; posible pérdida de datos
E:\Facultad\Tecnicatura en Diseño y desarollo de Videojuegos\Cursando\Modelo y algoritmo de videojuegos I\Integrador\TrabajoIntegrador_MyA\TI_MyA_PabloAguilar\TI_MyA_PabloAguilar\TI_MyA_PabloAguilar.cpp(154,38): warning C4244: 'argumento': conversión de 'double' a 'int'; posible pérdida de datos
  Generando código...
  TI_MyA_PabloAguilar.vcxproj -> E:\Facultad\Tecnicatura en Diseño y desarollo de Videojuegos\Cursando\Modelo y algoritmo de videojuegos I\Integrador\TrabajoIntegrador_MyA\TI_MyA_PabloAguilar\x64\Debug\TI_MyA_PabloAguilar.exe
